<?xml version="1.0" encoding="UTF-8"?>
<!-- Generated by org.testng.reporters.JUnitReportReporter -->
<testsuite skipped="0" hostname="DESKTOP-1NM9JP4" name="test.autenticacion.cp001ValidarCampos" tests="1" failures="0" timestamp="16 nov 2017 01:42:57 GMT" time="0.998" errors="0">
  <testcase name="verificarCamposLogin" time="0.998" classname="test.autenticacion.cp001ValidarCampos"/>
</testsuite> <!-- test.autenticacion.cp001ValidarCampos -->
