<?xml version="1.0" encoding="UTF-8"?>
<!-- Generated by org.testng.reporters.JUnitReportReporter -->
<testsuite skipped="0" hostname="DESKTOP-1NM9JP4" name="test.reservarvuelo.cp003ValidarCamposBookFlight" tests="2" failures="0" timestamp="16 nov 2017 17:36:20 GMT" time="8.982" errors="0">
  <testcase name="login" time="5.659" classname="test.reservarvuelo.cp003ValidarCamposBookFlight"/>
  <testcase name="ValidarCamposBookFlight" time="3.323" classname="test.reservarvuelo.cp003ValidarCamposBookFlight"/>
</testsuite> <!-- test.reservarvuelo.cp003ValidarCamposBookFlight -->
